build/app/intermediates/manifest_merge_blame_file/release/manifest-merger-blame-release-report.txt
1<?xml version="1.0" encoding="utf-8"?>
2<manifest xmlns:android="http://schemas.android.com/apk/res/android"
3    package="com.michelicart.startup"
4    android:versionCode="1"
5    android:versionName="1.0.0" >
6
7    <uses-sdk
8        android:minSdkVersion="16"
8-->src/main/AndroidManifest.xml
9        android:targetSdkVersion="28" />
9-->src/main/AndroidManifest.xml
10
11    <uses-permission android:name="android.permission.CAMERA" />
11-->[:qr_mobile_vision] AndroidManifest.xml:7:5-65
11-->[:qr_mobile_vision] AndroidManifest.xml:7:22-62
12
13    <uses-feature
13-->[:qr_mobile_vision] AndroidManifest.xml:9:5-11:35
14        android:name="android.hardware.camera.autofocus"
14-->[:qr_mobile_vision] AndroidManifest.xml:10:9-57
15        android:required="true" />
15-->[:qr_mobile_vision] AndroidManifest.xml:11:9-32
16
17    <uses-permission android:name="android.permission.ACCESS_NETWORK_STATE" />
17-->[com.google.firebase:firebase-iid:20.0.0] AndroidManifest.xml:22:5-79
17-->[com.google.firebase:firebase-iid:20.0.0] AndroidManifest.xml:22:22-76
18    <uses-permission android:name="android.permission.INTERNET" />
18-->[com.google.firebase:firebase-iid:20.0.0] AndroidManifest.xml:23:5-67
18-->[com.google.firebase:firebase-iid:20.0.0] AndroidManifest.xml:23:22-64
19    <uses-permission android:name="android.permission.WAKE_LOCK" /> <!-- Required by older versions of Google Play services to create IID tokens -->
19-->[com.google.firebase:firebase-iid:20.0.0] AndroidManifest.xml:24:5-68
19-->[com.google.firebase:firebase-iid:20.0.0] AndroidManifest.xml:24:22-65
20    <uses-permission android:name="com.google.android.c2dm.permission.RECEIVE" />
20-->[com.google.firebase:firebase-iid:20.0.0] AndroidManifest.xml:26:5-82
20-->[com.google.firebase:firebase-iid:20.0.0] AndroidManifest.xml:26:22-79
21    <!--
22 io.flutter.app.FlutterApplication is an android.app.Application that
23         calls FlutterMain.startInitialization(this); in its onCreate method.
24         In most cases you can leave this as-is, but you if you want to provide
25         additional functionality it is fine to subclass or reimplement
26         FlutterApplication and put your custom class here.
27    -->
28    <application
28-->src/main/AndroidManifest.xml:8:5-46:19
29        android:name="io.flutter.app.FlutterApplication"
29-->src/main/AndroidManifest.xml:9:9-57
30        android:appComponentFactory="androidx.core.app.CoreComponentFactory"
30-->[androidx.core:core:1.1.0] AndroidManifest.xml:24:18-86
31        android:icon="@mipmap/ic_launcher"
31-->src/main/AndroidManifest.xml:11:9-43
32        android:label="Kaiē" >
32-->src/main/AndroidManifest.xml:10:9-29
33        <activity
33-->src/main/AndroidManifest.xml:12:9-40:20
34            android:name="com.michelicart.startup.MainActivity"
34-->src/main/AndroidManifest.xml:13:13-41
35            android:configChanges="orientation|keyboardHidden|keyboard|screenSize|smallestScreenSize|locale|layoutDirection|fontScale|screenLayout|density|uiMode"
35-->src/main/AndroidManifest.xml:16:13-163
36            android:hardwareAccelerated="true"
36-->src/main/AndroidManifest.xml:17:13-47
37            android:launchMode="singleTop"
37-->src/main/AndroidManifest.xml:14:13-43
38            android:theme="@style/LaunchTheme"
38-->src/main/AndroidManifest.xml:15:13-47
39            android:windowSoftInputMode="adjustResize" >
39-->src/main/AndroidManifest.xml:18:13-55
40
41            <!--
42                 Specifies an Android theme to apply to this Activity as soon as
43                 the Android process has started. This theme is visible to the user
44                 while the Flutter UI initializes. After that, this theme continues
45                 to determine the Window background behind the Flutter UI.
46            -->
47            <meta-data
47-->src/main/AndroidManifest.xml:23:13-26:17
48                android:name="io.flutter.embedding.android.NormalTheme"
48-->src/main/AndroidManifest.xml:24:15-70
49                android:resource="@style/NormalTheme" />
49-->src/main/AndroidManifest.xml:25:15-52
50            <!--
51                 Displays an Android View that continues showing the launch screen
52                 Drawable until Flutter paints its first frame, then this splash
53                 screen fades out. A splash screen is useful to avoid any visual
54                 gap between the end of Android's launch screen and the painting of
55                 Flutter's first frame.
56            -->
57            <meta-data
57-->src/main/AndroidManifest.xml:32:13-35:17
58                android:name="io.flutter.embedding.android.SplashScreenDrawable"
58-->src/main/AndroidManifest.xml:33:15-79
59                android:resource="@drawable/launch_background" />
59-->src/main/AndroidManifest.xml:34:15-61
60
61            <intent-filter>
61-->src/main/AndroidManifest.xml:36:13-39:29
62                <action android:name="android.intent.action.MAIN" />
62-->src/main/AndroidManifest.xml:37:17-68
62-->src/main/AndroidManifest.xml:37:25-66
63
64                <category android:name="android.intent.category.LAUNCHER" />
64-->src/main/AndroidManifest.xml:38:17-76
64-->src/main/AndroidManifest.xml:38:27-74
65            </intent-filter>
66        </activity>
67        <!--
68             Don't delete the meta-data below.
69             This is used by the Flutter tool to generate GeneratedPluginRegistrant.java
70        -->
71        <meta-data
71-->src/main/AndroidManifest.xml:43:9-45:33
72            android:name="flutterEmbedding"
72-->src/main/AndroidManifest.xml:44:13-44
73            android:value="2" />
73-->src/main/AndroidManifest.xml:45:13-30
74        <meta-data
74-->[:qr_mobile_vision] AndroidManifest.xml:14:9-16:39
75            android:name="com.google.android.gms.vision.DEPENDENCIES"
75-->[:qr_mobile_vision] AndroidManifest.xml:15:13-70
76            android:value="barcode" />
76-->[:qr_mobile_vision] AndroidManifest.xml:16:13-36
77
78        <service
78-->[com.google.firebase:firebase-ml-vision:24.0.2] AndroidManifest.xml:9:9-15:19
79            android:name="com.google.firebase.components.ComponentDiscoveryService"
79-->[com.google.firebase:firebase-ml-vision:24.0.2] AndroidManifest.xml:10:13-84
80            android:directBootAware="true"
80-->[com.google.firebase:firebase-common:19.3.0] AndroidManifest.xml:34:13-43
81            android:exported="false" >
81-->[com.google.firebase:firebase-ml-vision:24.0.2] AndroidManifest.xml:11:13-37
82            <meta-data
82-->[com.google.firebase:firebase-ml-vision:24.0.2] AndroidManifest.xml:12:13-14:85
83                android:name="com.google.firebase.components:com.google.firebase.ml.vision.VisionRegistrar"
83-->[com.google.firebase:firebase-ml-vision:24.0.2] AndroidManifest.xml:13:17-108
84                android:value="com.google.firebase.components.ComponentRegistrar" />
84-->[com.google.firebase:firebase-ml-vision:24.0.2] AndroidManifest.xml:14:17-82
85            <meta-data
85-->[com.google.firebase:firebase-ml-common:22.1.0] AndroidManifest.xml:11:13-13:85
86                android:name="com.google.firebase.components:com.google.firebase.ml.common.CommonComponentRegistrar"
86-->[com.google.firebase:firebase-ml-common:22.1.0] AndroidManifest.xml:12:17-117
87                android:value="com.google.firebase.components.ComponentRegistrar" />
87-->[com.google.firebase:firebase-ml-common:22.1.0] AndroidManifest.xml:13:17-82
88            <meta-data
88-->[com.google.firebase:firebase-iid:20.0.0] AndroidManifest.xml:32:13-34:85
89                android:name="com.google.firebase.components:com.google.firebase.iid.Registrar"
89-->[com.google.firebase:firebase-iid:20.0.0] AndroidManifest.xml:33:17-96
90                android:value="com.google.firebase.components.ComponentRegistrar" />
90-->[com.google.firebase:firebase-iid:20.0.0] AndroidManifest.xml:34:17-82
91        </service>
92
93        <receiver
93-->[com.google.firebase:firebase-iid:20.0.0] AndroidManifest.xml:37:9-44:20
94            android:name="com.google.firebase.iid.FirebaseInstanceIdReceiver"
94-->[com.google.firebase:firebase-iid:20.0.0] AndroidManifest.xml:38:13-78
95            android:exported="true"
95-->[com.google.firebase:firebase-iid:20.0.0] AndroidManifest.xml:39:13-36
96            android:permission="com.google.android.c2dm.permission.SEND" >
96-->[com.google.firebase:firebase-iid:20.0.0] AndroidManifest.xml:40:13-73
97            <intent-filter>
97-->[com.google.firebase:firebase-iid:20.0.0] AndroidManifest.xml:41:13-43:29
98                <action android:name="com.google.android.c2dm.intent.RECEIVE" />
98-->[com.google.firebase:firebase-iid:20.0.0] AndroidManifest.xml:42:17-81
98-->[com.google.firebase:firebase-iid:20.0.0] AndroidManifest.xml:42:25-78
99            </intent-filter>
100        </receiver>
101
102        <activity
102-->[com.google.android.gms:play-services-base:17.0.0] AndroidManifest.xml:23:9-26:75
103            android:name="com.google.android.gms.common.api.GoogleApiActivity"
103-->[com.google.android.gms:play-services-base:17.0.0] AndroidManifest.xml:24:13-79
104            android:exported="false"
104-->[com.google.android.gms:play-services-base:17.0.0] AndroidManifest.xml:25:13-37
105            android:theme="@android:style/Theme.Translucent.NoTitleBar" />
105-->[com.google.android.gms:play-services-base:17.0.0] AndroidManifest.xml:26:13-72
106
107        <provider
107-->[com.google.firebase:firebase-common:19.3.0] AndroidManifest.xml:26:9-30:39
108            android:name="com.google.firebase.provider.FirebaseInitProvider"
108-->[com.google.firebase:firebase-common:19.3.0] AndroidManifest.xml:27:13-77
109            android:authorities="com.michelicart.startup.firebaseinitprovider"
109-->[com.google.firebase:firebase-common:19.3.0] AndroidManifest.xml:28:13-72
110            android:exported="false"
110-->[com.google.firebase:firebase-common:19.3.0] AndroidManifest.xml:29:13-37
111            android:initOrder="100" />
111-->[com.google.firebase:firebase-common:19.3.0] AndroidManifest.xml:30:13-36
112
113        <meta-data
113-->[com.google.android.gms:play-services-basement:17.0.0] AndroidManifest.xml:23:9-25:69
114            android:name="com.google.android.gms.version"
114-->[com.google.android.gms:play-services-basement:17.0.0] AndroidManifest.xml:24:13-58
115            android:value="@integer/google_play_services_version" />
115-->[com.google.android.gms:play-services-basement:17.0.0] AndroidManifest.xml:25:13-66
116    </application>
117
118</manifest>